INFO: [Timing 38-91] UpdateTimingParams: Speed grade: -2, Delay Type: max.
INFO: [Timing 38-191] Multithreading enabled for timing update using a maximum of 8 CPUs
INFO: [Timing 38-78] ReportTimingParams: -max_paths 1 -nworst 1 -delay_type max -sort_by slack.
Copyright 1986-2022 Xilinx, Inc. All Rights Reserved.
------------------------------------------------------------------------------------
| Tool Version : Vivado v.2022.2 (lin64) Build 3671981 Fri Oct 14 04:59:54 MDT 2022
| Date         : Thu Jan  9 15:30:49 2025
| Host         : lap-inf133 running 64-bit Ubuntu 24.04.1 LTS
| Command      : report_timing
| Design       : bicg
| Device       : 7k160t-fbg484
| Speed File   : -2  PRODUCTION 1.12 2017-02-17
------------------------------------------------------------------------------------

Timing Report

Slack (VIOLATED) :        -2.053ns  (required time - arrival time)
  Source:                 lsq3/handshake_lsq_lsq3_core/ldq_addr_3_q_reg[0]/C
                            (rising edge-triggered cell FDRE clocked by clk  {rise@0.000ns fall@2.000ns period=4.000ns})
  Destination:            lsq3/handshake_lsq_lsq3_core/ldq_data_3_q_reg[15]/CE
                            (rising edge-triggered cell FDRE clocked by clk  {rise@0.000ns fall@2.000ns period=4.000ns})
  Path Group:             clk
  Path Type:              Setup (Max at Slow Process Corner)
  Requirement:            4.000ns  (clk rise@4.000ns - clk rise@0.000ns)
  Data Path Delay:        5.632ns  (logic 0.993ns (17.631%)  route 4.639ns (82.369%))
  Logic Levels:           8  (CARRY4=2 LUT3=1 LUT4=1 LUT5=1 LUT6=3)
  Clock Path Skew:        -0.185ns (DCD - SCD + CPR)
    Destination Clock Delay (DCD):    1.258ns = ( 5.258 - 4.000 ) 
    Source Clock Delay      (SCD):    1.458ns
    Clock Pessimism Removal (CPR):    0.015ns
  Clock Uncertainty:      0.035ns  ((TSJ^2 + TIJ^2)^1/2 + DJ) / 2 + PE
    Total System Jitter     (TSJ):    0.071ns
    Total Input Jitter      (TIJ):    0.000ns
    Discrete Jitter          (DJ):    0.000ns
    Phase Error              (PE):    0.000ns

    Location             Delay type                Incr(ns)  Path(ns)    Netlist Resource(s)
  -------------------------------------------------------------------    -------------------
                         (clock clk rise edge)        0.000     0.000 r  
                                                      0.000     0.000 r  clk (IN)
                         net (fo=3992, unset)         1.458     1.458    lsq3/handshake_lsq_lsq3_core/clk
    SLICE_X18Y95         FDRE                                         r  lsq3/handshake_lsq_lsq3_core/ldq_addr_3_q_reg[0]/C
  -------------------------------------------------------------------    -------------------
    SLICE_X18Y95         FDRE (Prop_fdre_C_Q)         0.259     1.717 r  lsq3/handshake_lsq_lsq3_core/ldq_addr_3_q_reg[0]/Q
                         net (fo=30, routed)          0.629     2.346    lsq3/handshake_lsq_lsq3_core/ldq_addr_3_q[0]
    SLICE_X17Y100        LUT4 (Prop_lut4_I2_O)        0.043     2.389 r  lsq3/handshake_lsq_lsq3_core/ldq_data_3_q[22]_i_11/O
                         net (fo=1, routed)           0.457     2.846    lsq3/handshake_lsq_lsq3_core/ldq_data_3_q[22]_i_11_n_0
    SLICE_X20Y100        LUT5 (Prop_lut5_I1_O)        0.043     2.889 r  lsq3/handshake_lsq_lsq3_core/ldq_data_3_q[22]_i_8/O
                         net (fo=6, routed)           0.838     3.727    lsq3/handshake_lsq_lsq3_core/ld_st_conflict_3_2
    SLICE_X34Y94         CARRY4 (Prop_carry4_DI[1]_CO[3])
                                                      0.250     3.977 r  lsq3/handshake_lsq_lsq3_core/ldq_data_3_q_reg[29]_i_10/CO[3]
                         net (fo=1, routed)           0.000     3.977    lsq3/handshake_lsq_lsq3_core/ldq_data_3_q_reg[29]_i_10_n_0
    SLICE_X34Y95         CARRY4 (Prop_carry4_CI_O[3])
                                                      0.149     4.126 f  lsq3/handshake_lsq_lsq3_core/ldq_data_3_q_reg[31]_i_26/O[3]
                         net (fo=1, routed)           0.505     4.631    lsq3/handshake_lsq_lsq3_core/TEMP_88_double_out1[19]
    SLICE_X38Y93         LUT3 (Prop_lut3_I1_O)        0.120     4.751 r  lsq3/handshake_lsq_lsq3_core/ldq_data_3_q[12]_i_4/O
                         net (fo=33, routed)          0.468     5.219    lsq3/handshake_lsq_lsq3_core/ldq_data_3_q[12]_i_4_n_0
    SLICE_X42Y93         LUT6 (Prop_lut6_I5_O)        0.043     5.262 f  lsq3/handshake_lsq_lsq3_core/ldq_data_3_q[31]_i_14/O
                         net (fo=1, routed)           0.365     5.627    lsq3/handshake_lsq_lsq3_core/ldq_data_3_q[31]_i_14_n_0
    SLICE_X45Y93         LUT6 (Prop_lut6_I2_O)        0.043     5.670 f  lsq3/handshake_lsq_lsq3_core/ldq_data_3_q[31]_i_4/O
                         net (fo=2, routed)           0.445     6.114    lsq3/handshake_lsq_lsq3_core/ldq_data_3_q[31]_i_4_n_0
    SLICE_X51Y93         LUT6 (Prop_lut6_I1_O)        0.043     6.157 r  lsq3/handshake_lsq_lsq3_core/ldq_data_3_q[31]_i_1/O
                         net (fo=33, routed)          0.933     7.090    lsq3/handshake_lsq_lsq3_core/rresp_0_id_reg[0][0]
    SLICE_X63Y79         FDRE                                         r  lsq3/handshake_lsq_lsq3_core/ldq_data_3_q_reg[15]/CE
  -------------------------------------------------------------------    -------------------

                         (clock clk rise edge)        4.000     4.000 r  
                                                      0.000     4.000 r  clk (IN)
                         net (fo=3992, unset)         1.258     5.258    lsq3/handshake_lsq_lsq3_core/clk
    SLICE_X63Y79         FDRE                                         r  lsq3/handshake_lsq_lsq3_core/ldq_data_3_q_reg[15]/C
                         clock pessimism              0.015     5.273    
                         clock uncertainty           -0.035     5.238    
    SLICE_X63Y79         FDRE (Setup_fdre_C_CE)      -0.201     5.037    lsq3/handshake_lsq_lsq3_core/ldq_data_3_q_reg[15]
  -------------------------------------------------------------------
                         required time                          5.037    
                         arrival time                          -7.090    
  -------------------------------------------------------------------
                         slack                                 -2.053    




